  Asteroid.cpp
  Game.cpp
c:\users\kasper.lindmark\onedrive\prog\asteroids\game.cpp(44): warning C4244: 'argument': conversion from 'time_t' to 'unsigned int', possible loss of data
c:\users\kasper.lindmark\onedrive\prog\asteroids\game.cpp(66): warning C4244: 'argument': conversion from 'float' to 'Uint32', possible loss of data
c:\users\kasper.lindmark\onedrive\prog\asteroids\game.cpp(76): warning C4244: '=': conversion from 'double' to 'float', possible loss of data
c:\users\kasper.lindmark\onedrive\prog\asteroids\game.cpp(76): warning C4244: 'return': conversion from 'float' to 'int', possible loss of data
c:\users\kasper.lindmark\onedrive\prog\asteroids\game.cpp(106): warning C4244: 'argument': conversion from 'float' to 'int', possible loss of data
  Rectangle.cpp
c:\users\kasper.lindmark\onedrive\prog\asteroids\rectangle.cpp(11): warning C4267: '=': conversion from 'size_t' to 'int', possible loss of data
c:\users\kasper.lindmark\onedrive\prog\asteroids\rectangle.cpp(13): warning C4244: '=': conversion from 'float' to 'int', possible loss of data
c:\users\kasper.lindmark\onedrive\prog\asteroids\rectangle.cpp(14): warning C4244: '=': conversion from 'float' to 'int', possible loss of data
c:\users\kasper.lindmark\onedrive\prog\asteroids\rectangle.cpp(15): warning C4244: '=': conversion from 'float' to 'int', possible loss of data
c:\users\kasper.lindmark\onedrive\prog\asteroids\rectangle.cpp(16): warning C4244: '=': conversion from 'float' to 'int', possible loss of data
c:\users\kasper.lindmark\onedrive\prog\asteroids\rectangle.cpp(26): warning C4244: '=': conversion from 'float' to 'int', possible loss of data
c:\users\kasper.lindmark\onedrive\prog\asteroids\rectangle.cpp(27): warning C4244: '=': conversion from 'float' to 'int', possible loss of data
c:\users\kasper.lindmark\onedrive\prog\asteroids\rectangle.cpp(37): warning C4244: '=': conversion from 'float' to 'int', possible loss of data
c:\users\kasper.lindmark\onedrive\prog\asteroids\rectangle.cpp(38): warning C4244: '=': conversion from 'float' to 'int', possible loss of data
c:\users\kasper.lindmark\onedrive\prog\asteroids\rectangle.cpp(44): warning C4244: 'argument': conversion from 'float' to 'Uint8', possible loss of data
  Shot.cpp
  SpaceShip.cpp
c:\users\kasper.lindmark\onedrive\prog\asteroids\spaceship.cpp(13): warning C4244: '=': conversion from 'int' to 'float', possible loss of data
c:\users\kasper.lindmark\onedrive\prog\asteroids\spaceship.cpp(14): warning C4244: '=': conversion from 'int' to 'float', possible loss of data
c:\users\kasper.lindmark\onedrive\prog\asteroids\spaceship.cpp(15): warning C4244: '=': conversion from 'int' to 'float', possible loss of data
c:\users\kasper.lindmark\onedrive\prog\asteroids\spaceship.cpp(16): warning C4244: '=': conversion from 'int' to 'float', possible loss of data
c:\users\kasper.lindmark\onedrive\prog\asteroids\spaceship.cpp(23): warning C4244: '=': conversion from 'int' to 'float', possible loss of data
c:\users\kasper.lindmark\onedrive\prog\asteroids\spaceship.cpp(24): warning C4244: '=': conversion from 'int' to 'float', possible loss of data
  main.cpp
  Generating Code...
  Asteroids.vcxproj -> C:\Users\Kasper.lindmark\OneDrive\Prog\Asteroids\x64\Debug\Asteroids.exe
